This is pdfTeX, Version 3.141592653-2.6-1.40.25 (MiKTeX 23.10) (preloaded format=pdflatex 2024.1.29)  31 JAN 2024 01:38
entering extended mode
 restricted \write18 enabled.
 %&-line parsing enabled.
**./S18840_mini_project.tex
(S18840_mini_project.tex
LaTeX2e <2023-06-01> patch level 1
L3 programming layer <2023-08-29>
(C:\Users\msi\AppData\Local\Programs\MiKTeX\tex/latex/base\article.cls
Document Class: article 2023/05/17 v1.4n Standard LaTeX document class
(C:\Users\msi\AppData\Local\Programs\MiKTeX\tex/latex/base\size10.clo
File: size10.clo 2023/05/17 v1.4n Standard LaTeX file (size option)
)
\c@part=\count185
\c@section=\count186
\c@subsection=\count187
\c@subsubsection=\count188
\c@paragraph=\count189
\c@subparagraph=\count190
\c@figure=\count191
\c@table=\count192
\abovecaptionskip=\skip48
\belowcaptionskip=\skip49
\bibindent=\dimen140
)
(C:\Users\msi\AppData\Local\Programs\MiKTeX\tex/latex/float\float.sty
Package: float 2001/11/08 v1.3d Float enhancements (AL)
\c@float@type=\count193
\float@exts=\toks17
\float@box=\box51
\@float@everytoks=\toks18
\@floatcapt=\box52
)
(C:\Users\msi\AppData\Local\Programs\MiKTeX\tex/latex/csvsimple\csvsimple.sty
Package: csvsimple 2024/01/19 v2.6.0 LaTeX CSV file processing
)
(C:\Users\msi\AppData\Local\Programs\MiKTeX\tex/latex/csvsimple\csvsimple-legac
y.sty
Package: csvsimple-legacy 2024/01/19 version 2.6.0 LaTeX2e CSV file processing

(C:\Users\msi\AppData\Local\Programs\MiKTeX\tex/latex/pgf/utilities\pgfrcs.sty
(C:\Users\msi\AppData\Local\Programs\MiKTeX\tex/generic/pgf/utilities\pgfutil-c
ommon.tex
\pgfutil@everybye=\toks19
\pgfutil@tempdima=\dimen141
\pgfutil@tempdimb=\dimen142
)
(C:\Users\msi\AppData\Local\Programs\MiKTeX\tex/generic/pgf/utilities\pgfutil-l
atex.def
\pgfutil@abb=\box53
)
(C:\Users\msi\AppData\Local\Programs\MiKTeX\tex/generic/pgf/utilities\pgfrcs.co
de.tex
(C:\Users\msi\AppData\Local\Programs\MiKTeX\tex/generic/pgf\pgf.revision.tex)
Package: pgfrcs 2023-01-15 v3.1.10 (3.1.10)
))
(C:\Users\msi\AppData\Local\Programs\MiKTeX\tex/latex/pgf/utilities\pgfkeys.sty

(C:\Users\msi\AppData\Local\Programs\MiKTeX\tex/generic/pgf/utilities\pgfkeys.c
ode.tex
\pgfkeys@pathtoks=\toks20
\pgfkeys@temptoks=\toks21

(C:\Users\msi\AppData\Local\Programs\MiKTeX\tex/generic/pgf/utilities\pgfkeysli
braryfiltered.code.tex
\pgfkeys@tmptoks=\toks22
)))
(C:\Users\msi\AppData\Local\Programs\MiKTeX\tex/latex/base\ifthen.sty
Package: ifthen 2022/04/13 v1.1d Standard LaTeX ifthen package (DPC)
)
(C:\Users\msi\AppData\Local\Programs\MiKTeX\tex/latex/etoolbox\etoolbox.sty
Package: etoolbox 2020/10/05 v2.5k e-TeX tools for LaTeX (JAW)
\etb@tempcnta=\count194
)
(C:\Users\msi\AppData\Local\Programs\MiKTeX\tex/latex/tools\shellesc.sty
Package: shellesc 2023/04/15 v1.0d unified shell escape interface for LaTeX
Package shellesc Info: Restricted shell escape enabled on input line 77.
)
\csv@file=\read2
\c@csvinputline=\count195
\c@csvrow=\count196
\c@csvcol=\count197
\csv@out=\write3
)
(C:\Users\msi\AppData\Local\Programs\MiKTeX\tex/latex/graphics\graphicx.sty
Package: graphicx 2021/09/16 v1.2d Enhanced LaTeX Graphics (DPC,SPQR)

(C:\Users\msi\AppData\Local\Programs\MiKTeX\tex/latex/graphics\keyval.sty
Package: keyval 2022/05/29 v1.15 key=value parser (DPC)
\KV@toks@=\toks23
)
(C:\Users\msi\AppData\Local\Programs\MiKTeX\tex/latex/graphics\graphics.sty
Package: graphics 2022/03/10 v1.4e Standard LaTeX Graphics (DPC,SPQR)

(C:\Users\msi\AppData\Local\Programs\MiKTeX\tex/latex/graphics\trig.sty
Package: trig 2021/08/11 v1.11 sin cos tan (DPC)
)
(C:\Users\msi\AppData\Local\Programs\MiKTeX\tex/latex/graphics-cfg\graphics.cfg
File: graphics.cfg 2016/06/04 v1.11 sample graphics configuration
)
Package graphics Info: Driver file: pdftex.def on input line 107.
 (C:\Users\msi\AppData\Local\Programs\MiKTeX\tex/latex/graphics-def\pdftex.def
File: pdftex.def 2022/09/22 v1.2b Graphics/color driver for pdftex
))
\Gin@req@height=\dimen143
\Gin@req@width=\dimen144
) (C:\Users\msi\AppData\Local\Programs\MiKTeX\tex/latex/tools\array.sty
Package: array 2022/09/04 v2.5g Tabular extension package (FMi)
\col@sep=\dimen145
\ar@mcellbox=\box54
\extrarowheight=\dimen146
\NC@list=\toks24
\extratabsurround=\skip50
\backup@length=\skip51
\ar@cellbox=\box55
)
(C:\Users\msi\AppData\Local\Programs\MiKTeX\tex/latex/multirow\multirow.sty
Package: multirow 2021/03/15 v2.8 Span multiple rows of a table
\multirow@colwidth=\skip52
\multirow@cntb=\count198
\multirow@dima=\skip53
\bigstrutjot=\dimen147
)
(C:\Users\msi\AppData\Local\Programs\MiKTeX\tex/latex/tools\multicol.sty
Package: multicol 2023/03/30 v1.9f multicolumn formatting (FMi)
\c@tracingmulticols=\count199
\mult@box=\box56
\multicol@leftmargin=\dimen148
\c@unbalance=\count266
\c@collectmore=\count267
\doublecol@number=\count268
\multicoltolerance=\count269
\multicolpretolerance=\count270
\full@width=\dimen149
\page@free=\dimen150
\premulticols=\dimen151
\postmulticols=\dimen152
\multicolsep=\skip54
\multicolbaselineskip=\skip55
\partial@page=\box57
\last@line=\box58
\mc@boxedresult=\box59
\maxbalancingoverflow=\dimen153
\mult@rightbox=\box60
\mult@grightbox=\box61
\mult@firstbox=\box62
\mult@gfirstbox=\box63
\@tempa=\box64
\@tempa=\box65
\@tempa=\box66
\@tempa=\box67
\@tempa=\box68
\@tempa=\box69
\@tempa=\box70
\@tempa=\box71
\@tempa=\box72
\@tempa=\box73
\@tempa=\box74
\@tempa=\box75
\@tempa=\box76
\@tempa=\box77
\@tempa=\box78
\@tempa=\box79
\@tempa=\box80
\@tempa=\box81
\@tempa=\box82
\@tempa=\box83
\@tempa=\box84
\@tempa=\box85
\@tempa=\box86
\@tempa=\box87
\@tempa=\box88
\@tempa=\box89
\@tempa=\box90
\@tempa=\box91
\@tempa=\box92
\@tempa=\box93
\@tempa=\box94
\@tempa=\box95
\@tempa=\box96
\@tempa=\box97
\@tempa=\box98
\@tempa=\box99
\c@minrows=\count271
\c@columnbadness=\count272
\c@finalcolumnbadness=\count273
\last@try=\dimen154
\multicolovershoot=\dimen155
\multicolundershoot=\dimen156
\mult@nat@firstbox=\box100
\colbreak@box=\box101
\mc@col@check@num=\count274
)
(C:\Users\msi\AppData\Local\Programs\MiKTeX\tex/latex/adjustbox\adjustbox.sty
Package: adjustbox 2022/10/17 v1.3a Adjusting TeX boxes (trim, clip, ...)

(C:\Users\msi\AppData\Local\Programs\MiKTeX\tex/latex/xkeyval\xkeyval.sty
Package: xkeyval 2022/06/16 v2.9 package option processing (HA)

(C:\Users\msi\AppData\Local\Programs\MiKTeX\tex/generic/xkeyval\xkeyval.tex
(C:\Users\msi\AppData\Local\Programs\MiKTeX\tex/generic/xkeyval\xkvutils.tex
\XKV@toks=\toks25
\XKV@tempa@toks=\toks26
)
\XKV@depth=\count275
File: xkeyval.tex 2014/12/03 v2.7a key=value parser (HA)
)) (C:\Users\msi\AppData\Local\Programs\MiKTeX\tex/latex/adjustbox\adjcalc.sty
Package: adjcalc 2012/05/16 v1.1 Provides advanced setlength with multiple back
-ends (calc, etex, pgfmath)
)
(C:\Users\msi\AppData\Local\Programs\MiKTeX\tex/latex/adjustbox\trimclip.sty
Package: trimclip 2020/08/19 v1.2 Trim and clip general TeX material

(C:\Users\msi\AppData\Local\Programs\MiKTeX\tex/latex/collectbox\collectbox.sty
Package: collectbox 2022/10/17 v0.4c Collect macro arguments as boxes
\collectedbox=\box102
)
\tc@llx=\dimen157
\tc@lly=\dimen158
\tc@urx=\dimen159
\tc@ury=\dimen160
Package trimclip Info: Using driver 'tc-pdftex.def'.
 (C:\Users\msi\AppData\Local\Programs\MiKTeX\tex/latex/adjustbox\tc-pdftex.def
File: tc-pdftex.def 2019/01/04 v2.2 Clipping driver for pdftex
))
\adjbox@Width=\dimen161
\adjbox@Height=\dimen162
\adjbox@Depth=\dimen163
\adjbox@Totalheight=\dimen164
\adjbox@pwidth=\dimen165
\adjbox@pheight=\dimen166
\adjbox@pdepth=\dimen167
\adjbox@ptotalheight=\dimen168

(C:\Users\msi\AppData\Local\Programs\MiKTeX\tex/latex/ifoddpage\ifoddpage.sty
Package: ifoddpage 2022/10/18 v1.2 Conditionals for odd/even page detection
\c@checkoddpage=\count276
)
(C:\Users\msi\AppData\Local\Programs\MiKTeX\tex/latex/varwidth\varwidth.sty
Package: varwidth 2009/03/30 ver 0.92;  Variable-width minipages
\@vwid@box=\box103
\sift@deathcycles=\count277
\@vwid@loff=\dimen169
\@vwid@roff=\dimen170
))
(C:\Users\msi\AppData\Local\Programs\MiKTeX\tex/latex/caption\caption.sty
Package: caption 2023/08/05 v3.6o Customizing captions (AR)

(C:\Users\msi\AppData\Local\Programs\MiKTeX\tex/latex/caption\caption3.sty
Package: caption3 2023/07/31 v2.4d caption3 kernel (AR)
\caption@tempdima=\dimen171
\captionmargin=\dimen172
\caption@leftmargin=\dimen173
\caption@rightmargin=\dimen174
\caption@width=\dimen175
\caption@indent=\dimen176
\caption@parindent=\dimen177
\caption@hangindent=\dimen178
Package caption Info: Standard document class detected.
)
\c@caption@flags=\count278
\c@continuedfloat=\count279
Package caption Info: float package is loaded.
)
(C:\Users\msi\AppData\Local\Programs\MiKTeX\tex/latex/l3backend\l3backend-pdfte
x.def
File: l3backend-pdftex.def 2023-04-19 L3 backend support: PDF output (pdfTeX)
\l__color_backend_stack_int=\count280
\l__pdf_internal_box=\box104
) (S18840_mini_project.aux)
\openout1 = `S18840_mini_project.aux'.

LaTeX Font Info:    Checking defaults for OML/cmm/m/it on input line 14.
LaTeX Font Info:    ... okay on input line 14.
LaTeX Font Info:    Checking defaults for OMS/cmsy/m/n on input line 14.
LaTeX Font Info:    ... okay on input line 14.
LaTeX Font Info:    Checking defaults for OT1/cmr/m/n on input line 14.
LaTeX Font Info:    ... okay on input line 14.
LaTeX Font Info:    Checking defaults for T1/cmr/m/n on input line 14.
LaTeX Font Info:    ... okay on input line 14.
LaTeX Font Info:    Checking defaults for TS1/cmr/m/n on input line 14.
LaTeX Font Info:    ... okay on input line 14.
LaTeX Font Info:    Checking defaults for OMX/cmex/m/n on input line 14.
LaTeX Font Info:    ... okay on input line 14.
LaTeX Font Info:    Checking defaults for U/cmr/m/n on input line 14.
LaTeX Font Info:    ... okay on input line 14.

(C:\Users\msi\AppData\Local\Programs\MiKTeX\tex/context/base/mkii\supp-pdf.mkii
[Loading MPS to PDF converter (version 2006.09.02).]
\scratchcounter=\count281
\scratchdimen=\dimen179
\scratchbox=\box105
\nofMPsegments=\count282
\nofMParguments=\count283
\everyMPshowfont=\toks27
\MPscratchCnt=\count284
\MPscratchDim=\dimen180
\MPnumerator=\count285
\makeMPintoPDFobject=\count286
\everyMPtoPDFconversion=\toks28
)
(C:\Users\msi\AppData\Local\Programs\MiKTeX\tex/latex/epstopdf-pkg\epstopdf-bas
e.sty
Package: epstopdf-base 2020-01-24 v2.11 Base part for package epstopdf
Package epstopdf-base Info: Redefining graphics rule for `.eps' on input line 4
85.

(C:\Users\msi\AppData\Local\Programs\MiKTeX\tex/latex/00miktex\epstopdf-sys.cfg
File: epstopdf-sys.cfg 2021/03/18 v2.0 Configuration of epstopdf for MiKTeX
))
Package caption Info: Begin \AtBeginDocument code.
Package caption Info: End \AtBeginDocument code.
LaTeX Font Info:    External font `cmex10' loaded for size
(Font)              <12> on input line 16.
LaTeX Font Info:    External font `cmex10' loaded for size
(Font)              <8> on input line 16.
LaTeX Font Info:    External font `cmex10' loaded for size
(Font)              <6> on input line 16.
 [1

{C:/Users/msi/AppData/Local/MiKTeX/fonts/map/pdftex/pdftex.map}]
LaTeX Font Info:    External font `cmex10' loaded for size
(Font)              <7> on input line 38.
LaTeX Font Info:    External font `cmex10' loaded for size
(Font)              <5> on input line 38.
 [2]
[3]
Package epstopdf Info: Source file: <Graphs/yearly_graph_1.eps>
(epstopdf)                    date: 2024-01-30 23:19:26
(epstopdf)                    size: 12754 bytes
(epstopdf)             Output file: <Graphs/yearly_graph_1-eps-converted-to.pdf
>
(epstopdf)                    date: 2024-01-30 23:19:44
(epstopdf)                    size: 11270 bytes
(epstopdf)             Command: <miktex-epstopdf --outfile=Graphs/yearly_graph_
1-eps-converted-to.pdf Graphs/yearly_graph_1.eps>
(epstopdf)             \includegraphics on input line 90.
Package epstopdf Info: Output file is already uptodate.
<Graphs/yearly_graph_1-eps-converted-to.pdf, id=21, 578.16pt x 578.16pt>
File: Graphs/yearly_graph_1-eps-converted-to.pdf Graphic file (type pdf)
<use Graphs/yearly_graph_1-eps-converted-to.pdf>
Package pdftex.def Info: Graphs/yearly_graph_1-eps-converted-to.pdf  used on in
put line 90.
(pdftex.def)             Requested size: 310.4979pt x 310.4991pt.
 [4 <./Graphs/yearly_graph_1-eps-converted-to.pdf>]
Package epstopdf Info: Source file: <Graphs/Total_per_month_by_gas_2.eps>
(epstopdf)                    date: 2024-01-30 23:30:18
(epstopdf)                    size: 17965 bytes
(epstopdf)             Output file: <Graphs/Total_per_month_by_gas_2-eps-conver
ted-to.pdf>
(epstopdf)                    date: 2024-01-30 23:33:22
(epstopdf)                    size: 13214 bytes
(epstopdf)             Command: <miktex-epstopdf --outfile=Graphs/Total_per_mon
th_by_gas_2-eps-converted-to.pdf Graphs/Total_per_month_by_gas_2.eps>
(epstopdf)             \includegraphics on input line 105.
Package epstopdf Info: Output file is already uptodate.
<Graphs/Total_per_month_by_gas_2-eps-converted-to.pdf, id=32, 578.16pt x 578.16
pt>
File: Graphs/Total_per_month_by_gas_2-eps-converted-to.pdf Graphic file (type p
df)
<use Graphs/Total_per_month_by_gas_2-eps-converted-to.pdf>
Package pdftex.def Info: Graphs/Total_per_month_by_gas_2-eps-converted-to.pdf  
used on input line 105.
(pdftex.def)             Requested size: 310.4979pt x 310.4991pt.
Package epstopdf Info: Source file: <Graphs/Total_per_month_by_gas_3.eps>
(epstopdf)                    date: 2024-01-30 14:45:38
(epstopdf)                    size: 19723 bytes
(epstopdf)             Output file: <Graphs/Total_per_month_by_gas_3-eps-conver
ted-to.pdf>
(epstopdf)                    date: 2024-01-30 15:48:07
(epstopdf)                    size: 17963 bytes
(epstopdf)             Command: <miktex-epstopdf --outfile=Graphs/Total_per_mon
th_by_gas_3-eps-converted-to.pdf Graphs/Total_per_month_by_gas_3.eps>
(epstopdf)             \includegraphics on input line 114.
Package epstopdf Info: Output file is already uptodate.
<Graphs/Total_per_month_by_gas_3-eps-converted-to.pdf, id=33, 578.16pt x 578.16
pt>
File: Graphs/Total_per_month_by_gas_3-eps-converted-to.pdf Graphic file (type p
df)
<use Graphs/Total_per_month_by_gas_3-eps-converted-to.pdf>
Package pdftex.def Info: Graphs/Total_per_month_by_gas_3-eps-converted-to.pdf  
used on input line 114.
(pdftex.def)             Requested size: 310.4979pt x 310.4991pt.
 [5 <./Graphs/Total_per_month_by_gas_2-eps-converted-to.pdf>] [6 <./Graphs/Tota
l_per_month_by_gas_3-eps-converted-to.pdf>]
Package epstopdf Info: Source file: <Graphs/no2_by_site_graph.eps>
(epstopdf)                    date: 2024-01-30 15:58:56
(epstopdf)                    size: 18350 bytes
(epstopdf)             Output file: <Graphs/no2_by_site_graph-eps-converted-to.
pdf>
(epstopdf)                    date: 2024-01-30 16:11:50
(epstopdf)                    size: 12765 bytes
(epstopdf)             Command: <miktex-epstopdf --outfile=Graphs/no2_by_site_g
raph-eps-converted-to.pdf Graphs/no2_by_site_graph.eps>
(epstopdf)             \includegraphics on input line 132.
Package epstopdf Info: Output file is already uptodate.
<Graphs/no2_by_site_graph-eps-converted-to.pdf, id=54, 578.16pt x 578.16pt>
File: Graphs/no2_by_site_graph-eps-converted-to.pdf Graphic file (type pdf)
<use Graphs/no2_by_site_graph-eps-converted-to.pdf>
Package pdftex.def Info: Graphs/no2_by_site_graph-eps-converted-to.pdf  used on
 input line 132.
(pdftex.def)             Requested size: 345.0pt x 344.99312pt.
Package epstopdf Info: Source file: <Graphs/no2_by_Westminister_graph.eps>
(epstopdf)                    date: 2024-01-30 16:00:20
(epstopdf)                    size: 14602 bytes
(epstopdf)             Output file: <Graphs/no2_by_Westminister_graph-eps-conve
rted-to.pdf>
(epstopdf)                    date: 2024-01-30 16:11:53
(epstopdf)                    size: 12580 bytes
(epstopdf)             Command: <miktex-epstopdf --outfile=Graphs/no2_by_Westmi
nister_graph-eps-converted-to.pdf Graphs/no2_by_Westminister_graph.eps>
(epstopdf)             \includegraphics on input line 144.
Package epstopdf Info: Output file is already uptodate.
<Graphs/no2_by_Westminister_graph-eps-converted-to.pdf, id=55, 578.16pt x 578.1
6pt>
File: Graphs/no2_by_Westminister_graph-eps-converted-to.pdf Graphic file (type 
pdf)
<use Graphs/no2_by_Westminister_graph-eps-converted-to.pdf>
Package pdftex.def Info: Graphs/no2_by_Westminister_graph-eps-converted-to.pdf 
 used on input line 144.
(pdftex.def)             Requested size: 345.0pt x 344.99312pt.
 [7 <./Graphs/no2_by_site_graph-eps-converted-to.pdf>]
Package epstopdf Info: Source file: <Graphs/No2_map.eps>
(epstopdf)                    date: 2024-01-31 01:04:43
(epstopdf)                    size: 7176385 bytes
(epstopdf)             Output file: <Graphs/No2_map-eps-converted-to.pdf>
(epstopdf)                    date: 2024-01-31 01:10:16
(epstopdf)                    size: 9857509 bytes
(epstopdf)             Command: <miktex-epstopdf --outfile=Graphs/No2_map-eps-c
onverted-to.pdf Graphs/No2_map.eps>
(epstopdf)             \includegraphics on input line 153.
Package epstopdf Info: Output file is already uptodate.
<Graphs/No2_map-eps-converted-to.pdf, id=69, 578.16pt x 758.835pt>
File: Graphs/No2_map-eps-converted-to.pdf Graphic file (type pdf)
<use Graphs/No2_map-eps-converted-to.pdf>
Package pdftex.def Info: Graphs/No2_map-eps-converted-to.pdf  used on input lin
e 153.
(pdftex.def)             Requested size: 345.0pt x 452.80348pt.

[8 <./Graphs/no2_by_Westminister_graph-eps-converted-to.pdf>] [9 <./Graphs/No2_
map-eps-converted-to.pdf>]
Package epstopdf Info: Source file: <Graphs/PM10_by_site_graph.eps>
(epstopdf)                    date: 2024-01-30 16:01:28
(epstopdf)                    size: 17366 bytes
(epstopdf)             Output file: <Graphs/PM10_by_site_graph-eps-converted-to
.pdf>
(epstopdf)                    date: 2024-01-30 17:51:23
(epstopdf)                    size: 12638 bytes
(epstopdf)             Command: <miktex-epstopdf --outfile=Graphs/PM10_by_site_
graph-eps-converted-to.pdf Graphs/PM10_by_site_graph.eps>
(epstopdf)             \includegraphics on input line 170.
Package epstopdf Info: Output file is already uptodate.
<Graphs/PM10_by_site_graph-eps-converted-to.pdf, id=92, 578.16pt x 578.16pt>
File: Graphs/PM10_by_site_graph-eps-converted-to.pdf Graphic file (type pdf)
<use Graphs/PM10_by_site_graph-eps-converted-to.pdf>
Package pdftex.def Info: Graphs/PM10_by_site_graph-eps-converted-to.pdf  used o
n input line 170.
(pdftex.def)             Requested size: 345.0pt x 344.99312pt.
Package epstopdf Info: Source file: <Graphs/PM10_by_Wandsworth_graph.eps>
(epstopdf)                    date: 2024-01-30 16:02:53
(epstopdf)                    size: 12209 bytes
(epstopdf)             Output file: <Graphs/PM10_by_Wandsworth_graph-eps-conver
ted-to.pdf>
(epstopdf)                    date: 2024-01-30 17:51:26
(epstopdf)                    size: 11903 bytes
(epstopdf)             Command: <miktex-epstopdf --outfile=Graphs/PM10_by_Wands
worth_graph-eps-converted-to.pdf Graphs/PM10_by_Wandsworth_graph.eps>
(epstopdf)             \includegraphics on input line 179.
Package epstopdf Info: Output file is already uptodate.
<Graphs/PM10_by_Wandsworth_graph-eps-converted-to.pdf, id=93, 578.16pt x 578.16
pt>
File: Graphs/PM10_by_Wandsworth_graph-eps-converted-to.pdf Graphic file (type p
df)
<use Graphs/PM10_by_Wandsworth_graph-eps-converted-to.pdf>
Package pdftex.def Info: Graphs/PM10_by_Wandsworth_graph-eps-converted-to.pdf  
used on input line 179.
(pdftex.def)             Requested size: 345.0pt x 344.99312pt.
 [10 <./Graphs/PM10_by_site_graph-eps-converted-to.pdf>]
Package epstopdf Info: Source file: <Graphs/PM10_map.eps>
(epstopdf)                    date: 2024-01-31 01:06:03
(epstopdf)                    size: 4820468 bytes
(epstopdf)             Output file: <Graphs/PM10_map-eps-converted-to.pdf>
(epstopdf)                    date: 2024-01-31 01:10:49
(epstopdf)                    size: 4955474 bytes
(epstopdf)             Command: <miktex-epstopdf --outfile=Graphs/PM10_map-eps-
converted-to.pdf Graphs/PM10_map.eps>
(epstopdf)             \includegraphics on input line 188.
Package epstopdf Info: Output file is already uptodate.
<Graphs/PM10_map-eps-converted-to.pdf, id=104, 578.16pt x 578.16pt>
File: Graphs/PM10_map-eps-converted-to.pdf Graphic file (type pdf)
<use Graphs/PM10_map-eps-converted-to.pdf>
Package pdftex.def Info: Graphs/PM10_map-eps-converted-to.pdf  used on input li
ne 188.
(pdftex.def)             Requested size: 345.0pt x 344.99312pt.
 [11 <./Graphs/PM10_by_Wandsworth_graph-eps-converted-to.pdf>] [12 <./Graphs/PM
10_map-eps-converted-to.pdf>]
Package epstopdf Info: Source file: <Graphs/O3_by_site_graph.eps>
(epstopdf)                    date: 2024-01-30 16:06:16
(epstopdf)                    size: 11100 bytes
(epstopdf)             Output file: <Graphs/O3_by_site_graph-eps-converted-to.p
df>
(epstopdf)                    date: 2024-01-31 01:18:36
(epstopdf)                    size: 11835 bytes
(epstopdf)             Command: <miktex-epstopdf --outfile=Graphs/O3_by_site_gr
aph-eps-converted-to.pdf Graphs/O3_by_site_graph.eps>
(epstopdf)             \includegraphics on input line 206.
Package epstopdf Info: Output file is already uptodate.
<Graphs/O3_by_site_graph-eps-converted-to.pdf, id=127, 578.16pt x 578.16pt>
File: Graphs/O3_by_site_graph-eps-converted-to.pdf Graphic file (type pdf)
<use Graphs/O3_by_site_graph-eps-converted-to.pdf>
Package pdftex.def Info: Graphs/O3_by_site_graph-eps-converted-to.pdf  used on 
input line 206.
(pdftex.def)             Requested size: 345.0pt x 344.99312pt.
 [13 <./Graphs/O3_by_site_graph-eps-converted-to.pdf>] [14] (S18840_mini_projec
t.aux)
 ***********
LaTeX2e <2023-06-01> patch level 1
L3 programming layer <2023-08-29>
 ***********
 ) 
Here is how much of TeX's memory you used:
 5876 strings out of 475247
 115507 string characters out of 5758736
 1929785 words of memory out of 5000000
 27335 multiletter control sequences out of 15000+600000
 562958 words of font info for 52 fonts, out of 8000000 for 9000
 1141 hyphenation exceptions out of 8191
 69i,8n,117p,635b,380s stack positions out of 10000i,1000n,20000p,200000b,200000s
 <C:\Users\msi\AppData\Local\MiKTeX\fonts/pk/ljfour/jknappen/ec/dpi600\tcrm10
00.pk><C:/Users/msi/AppData/Local/Programs/MiKTeX/fonts/type1/public/amsfonts/c
m/cmbx12.pfb><C:/Users/msi/AppData/Local/Programs/MiKTeX/fonts/type1/public/ams
fonts/cm/cmbx9.pfb><C:/Users/msi/AppData/Local/Programs/MiKTeX/fonts/type1/publ
ic/amsfonts/cm/cmmi10.pfb><C:/Users/msi/AppData/Local/Programs/MiKTeX/fonts/typ
e1/public/amsfonts/cm/cmmi12.pfb><C:/Users/msi/AppData/Local/Programs/MiKTeX/fo
nts/type1/public/amsfonts/cm/cmmi7.pfb><C:/Users/msi/AppData/Local/Programs/MiK
TeX/fonts/type1/public/amsfonts/cm/cmr10.pfb><C:/Users/msi/AppData/Local/Progra
ms/MiKTeX/fonts/type1/public/amsfonts/cm/cmr12.pfb><C:/Users/msi/AppData/Local/
Programs/MiKTeX/fonts/type1/public/amsfonts/cm/cmr17.pfb><C:/Users/msi/AppData/
Local/Programs/MiKTeX/fonts/type1/public/amsfonts/cm/cmr7.pfb><C:/Users/msi/App
Data/Local/Programs/MiKTeX/fonts/type1/public/amsfonts/cm/cmr8.pfb><C:/Users/ms
i/AppData/Local/Programs/MiKTeX/fonts/type1/public/amsfonts/cm/cmr9.pfb>
Output written on S18840_mini_project.pdf (14 pages, 15055345 bytes).
PDF statistics:
 193 PDF objects out of 1000 (max. 8388607)
 0 named destinations out of 1000 (max. 500000)
 51 words of extra memory for PDF output out of 10000 (max. 10000000)

